Build started 11/18/2014 3:26:12 PM.
     1>Project "C:\Users\KristoforHorst\Documents\Visual Studio 2013\Projects\FinalProjectDATASTRUCT\searchengine\TinyXML\tinyxml\tinyxml_lib.vcxproj" on node 2 (Build target(s)).
     1>ClCompile:
         E:\School\VC\bin\CL.exe /c /ZI /nologo /W4 /WX- /Od /Oy- /D WIN32 /D _DEBUG /D _LIB /D _VC80_UPGRADE=0x0600 /D _MBCS /Gm /EHsc /RTC1 /MTd /GS /fp:precise /Zc:wchar_t /Zc:forScope /Fo"C:\Users\KristoforHorst\Documents\Visual Studio 2013\Projects\FinalProjectDATASTRUCT\searchengine\TinyXML\tinyxml\Debugtinyxml\\" /Fd"C:\Users\KristoforHorst\Documents\Visual Studio 2013\Projects\FinalProjectDATASTRUCT\searchengine\TinyXML\tinyxml\Debugtinyxml\vc120.pdb" /FR"C:\Users\KristoforHorst\Documents\Visual Studio 2013\Projects\FinalProjectDATASTRUCT\searchengine\TinyXML\tinyxml\Debugtinyxml\\" /Gd /TP /analyze- /errorReport:prompt tinystr.cpp tinyxml.cpp tinyxmlerror.cpp tinyxmlparser.cpp
         tinyxmlparser.cpp
         tinyxmlerror.cpp
         tinyxml.cpp
         tinystr.cpp
         Generating Code...
       Lib:
         E:\School\VC\bin\Lib.exe /OUT:"C:\Users\KristoforHorst\Documents\Visual Studio 2013\Projects\FinalProjectDATASTRUCT\searchengine\TinyXML\tinyxml\Debugtinyxml\tinyxml.lib" /NOLOGO "C:\Users\KristoforHorst\Documents\Visual Studio 2013\Projects\FinalProjectDATASTRUCT\searchengine\TinyXML\tinyxml\Debugtinyxml\tinystr.obj"
         "C:\Users\KristoforHorst\Documents\Visual Studio 2013\Projects\FinalProjectDATASTRUCT\searchengine\TinyXML\tinyxml\Debugtinyxml\tinyxml.obj"
         "C:\Users\KristoforHorst\Documents\Visual Studio 2013\Projects\FinalProjectDATASTRUCT\searchengine\TinyXML\tinyxml\Debugtinyxml\tinyxmlerror.obj"
         "C:\Users\KristoforHorst\Documents\Visual Studio 2013\Projects\FinalProjectDATASTRUCT\searchengine\TinyXML\tinyxml\Debugtinyxml\tinyxmlparser.obj"
         tinyxml_lib.vcxproj -> C:\Users\KristoforHorst\Documents\Visual Studio 2013\Projects\FinalProjectDATASTRUCT\searchengine\TinyXML\tinyxml\Debugtinyxml\tinyxml.lib
       BscMake:
         E:\School\VC\bin\bscmake.exe /nologo /o"C:\Users\KristoforHorst\Documents\Visual Studio 2013\Projects\FinalProjectDATASTRUCT\searchengine\TinyXML\tinyxml\Debugtinyxml\tinyxml.bsc" "C:\Users\KristoforHorst\Documents\Visual Studio 2013\Projects\FinalProjectDATASTRUCT\searchengine\TinyXML\tinyxml\Debugtinyxml\tinystr.sbr" "C:\Users\KristoforHorst\Documents\Visual Studio 2013\Projects\FinalProjectDATASTRUCT\searchengine\TinyXML\tinyxml\Debugtinyxml\tinyxml.sbr" "C:\Users\KristoforHorst\Documents\Visual Studio 2013\Projects\FinalProjectDATASTRUCT\searchengine\TinyXML\tinyxml\Debugtinyxml\tinyxmlerror.sbr" "C:\Users\KristoforHorst\Documents\Visual Studio 2013\Projects\FinalProjectDATASTRUCT\searchengine\TinyXML\tinyxml\Debugtinyxml\tinyxmlparser.sbr"
     1>Done Building Project "C:\Users\KristoforHorst\Documents\Visual Studio 2013\Projects\FinalProjectDATASTRUCT\searchengine\TinyXML\tinyxml\tinyxml_lib.vcxproj" (Build target(s)).

Build succeeded.

Time Elapsed 00:00:05.86
